
2021-2-22 19:10:02

Operating System
  Name                        = Fedora
  Version                     = 33
  Architecture                = 64bit
  # CPUs                      = 12
  Memory                      = 16379457536

Node.js
  Node.js Version             = 12.19.0
  npm Version                 = 6.14.8

Titanium CLI
  CLI Version                 = 5.3.0

Titanium SDK
  SDK Version                 = 9.3.2.GA
  SDK Path                    = /home/miga/.titanium/mobilesdk/linux/9.3.2.GA
  Target Platform             = android

Command
  /usr/local/bin/node /usr/local/bin/ti clean

[DEBUG]  Deleting /home/miga/dev/ti.stepper/android/build/.gradle
[DEBUG]  Deleting /home/miga/dev/ti.stepper/android/build/.idea
[DEBUG]  Deleting /home/miga/dev/ti.stepper/android/build/build
[DEBUG]  Deleting /home/miga/dev/ti.stepper/android/build/build.gradle
[DEBUG]  Deleting /home/miga/dev/ti.stepper/android/build/build_android.log
[DEBUG]  Deleting /home/miga/dev/ti.stepper/android/build/gradle
[DEBUG]  Deleting /home/miga/dev/ti.stepper/android/build/gradle.properties
[DEBUG]  Deleting /home/miga/dev/ti.stepper/android/build/gradlew
[DEBUG]  Deleting /home/miga/dev/ti.stepper/android/build/gradlew.bat
[DEBUG]  Deleting /home/miga/dev/ti.stepper/android/build/local.properties
[DEBUG]  Deleting /home/miga/dev/ti.stepper/android/build/module
[DEBUG]  Deleting /home/miga/dev/ti.stepper/android/build/settings.gradle
[DEBUG]  Deleting /home/miga/dev/ti.stepper/android/build/ti.constants.gradle
[DEBUG]  Deleting /home/miga/dev/ti.stepper/android/dist